Build started 2014/11/04 16:08:10.
     1>Project "C:\Users\Clara\SkyDrive\IDE\Visual Studio 2010\Projects\rx_cpp\sxen\sxen.vcxproj" on node 4 (build target(s)).
     1>InitializeBuildStatus:
         Creating "Release\sxen.unsuccessfulbuild" because "AlwaysCreate" was specified.
       ClCompile:
         C:\Program Files (x86)\Microsoft Visual Studio 10.0\VC\bin\CL.exe /c /Zi /nologo /W3 /WX- /O2 /Oi /Oy- /GL /D _WINDLL /D _MBCS /Gm- /EHsc /MD /GS /Gy /fp:precise /Zc:wchar_t /Zc:forScope /Fo"Release\\" /Fd"Release\vc100.pdb" /Gd /TP /analyze- /errorReport:prompt sxenextract.cpp
         sxenextract.cpp
     1>sxenextract.cpp(40): warning C4244: '+=' : conversion from 'double' to 'unsigned int', possible loss of data
       Link:
         C:\Program Files (x86)\Microsoft Visual Studio 10.0\VC\bin\link.exe /ERRORREPORT:PROMPT /OUT:"C:\Users\Clara\SkyDrive\IDE\Visual Studio 2010\Projects\rx_cpp\Release\sxen.dll" /NOLOGO kernel32.lib user32.lib gdi32.lib winspool.lib comdlg32.lib advapi32.lib shell32.lib ole32.lib oleaut32.lib uuid.lib odbc32.lib odbccp32.lib /MANIFEST /ManifestFile:"Release\sxen.dll.intermediate.manifest" /MANIFESTUAC:"level='asInvoker' uiAccess='false'" /DEBUG /PDB:"C:\Users\Clara\SkyDrive\IDE\Visual Studio 2010\Projects\rx_cpp\Release\sxen.pdb" /OPT:REF /OPT:ICF /LTCG /TLBID:1 /DYNAMICBASE /NXCOMPAT /IMPLIB:"C:\Users\Clara\SkyDrive\IDE\Visual Studio 2010\Projects\rx_cpp\Release\sxen.lib" /MACHINE:X86 /DLL Release\sxenextract.obj
            Creating library C:\Users\Clara\SkyDrive\IDE\Visual Studio 2010\Projects\rx_cpp\Release\sxen.lib and object C:\Users\Clara\SkyDrive\IDE\Visual Studio 2010\Projects\rx_cpp\Release\sxen.exp
         Generating code
         Finished generating code
         sxen.vcxproj -> C:\Users\Clara\SkyDrive\IDE\Visual Studio 2010\Projects\rx_cpp\Release\sxen.dll
       Manifest:
         C:\Program Files (x86)\Microsoft SDKs\Windows\v7.0A\bin\mt.exe /nologo /verbose /outputresource:"C:\Users\Clara\SkyDrive\IDE\Visual Studio 2010\Projects\rx_cpp\Release\sxen.dll;#2" /manifest Release\sxen.dll.intermediate.manifest
       FinalizeBuildStatus:
         Deleting file "Release\sxen.unsuccessfulbuild".
         Touching "Release\sxen.lastbuildstate".
     1>Done Building Project "C:\Users\Clara\SkyDrive\IDE\Visual Studio 2010\Projects\rx_cpp\sxen\sxen.vcxproj" (build target(s)).

Build succeeded.

Time Elapsed 00:00:02.42
