Build started 2014/11/04 16:07:22.
     1>Project "C:\Users\Clara\SkyDrive\IDE\Visual Studio 2010\Projects\rx_cpp\sxen\sxen.vcxproj" on node 2 (build target(s)).
     1>InitializeBuildStatus:
         Creating "Debug\sxen.unsuccessfulbuild" because "AlwaysCreate" was specified.
       ClCompile:
         C:\Program Files (x86)\Microsoft Visual Studio 10.0\VC\bin\CL.exe /c /ZI /nologo /W3 /WX- /Od /Oy- /D _WINDLL /D _MBCS /Gm /EHsc /RTC1 /MDd /GS /fp:precise /Zc:wchar_t /Zc:forScope /Fo"Debug\\" /Fd"Debug\vc100.pdb" /Gd /TP /analyze- /errorReport:prompt sxenextract.cpp
         sxenextract.cpp
     1>c:\users\clara\skydrive\ide\visual studio 2010\projects\rx_cpp\sxen\sxenextract.cpp(40): warning C4244: '+=' : conversion from 'double' to 'unsigned int', possible loss of data
       Link:
         C:\Program Files (x86)\Microsoft Visual Studio 10.0\VC\bin\link.exe /ERRORREPORT:PROMPT /OUT:"C:\Users\Clara\SkyDrive\IDE\Visual Studio 2010\Projects\rx_cpp\Debug\sxen.dll" /NOLOGO kernel32.lib user32.lib gdi32.lib winspool.lib comdlg32.lib advapi32.lib shell32.lib ole32.lib oleaut32.lib uuid.lib odbc32.lib odbccp32.lib /MANIFEST /ManifestFile:"Debug\sxen.dll.intermediate.manifest" /MANIFESTUAC:"level='asInvoker' uiAccess='false'" /DEBUG /PDB:"C:\Users\Clara\SkyDrive\IDE\Visual Studio 2010\Projects\rx_cpp\Debug\sxen.pdb" /TLBID:1 /DYNAMICBASE /NXCOMPAT /IMPLIB:"C:\Users\Clara\SkyDrive\IDE\Visual Studio 2010\Projects\rx_cpp\Debug\sxen.lib" /MACHINE:X86 /DLL Debug\sxenextract.obj
            Creating library C:\Users\Clara\SkyDrive\IDE\Visual Studio 2010\Projects\rx_cpp\Debug\sxen.lib and object C:\Users\Clara\SkyDrive\IDE\Visual Studio 2010\Projects\rx_cpp\Debug\sxen.exp
         sxen.vcxproj -> C:\Users\Clara\SkyDrive\IDE\Visual Studio 2010\Projects\rx_cpp\Debug\sxen.dll
       Manifest:
         C:\Program Files (x86)\Microsoft SDKs\Windows\v7.0A\bin\mt.exe /nologo /verbose /outputresource:"C:\Users\Clara\SkyDrive\IDE\Visual Studio 2010\Projects\rx_cpp\Debug\sxen.dll;#2" /manifest Debug\sxen.dll.intermediate.manifest
       FinalizeBuildStatus:
         Deleting file "Debug\sxen.unsuccessfulbuild".
         Touching "Debug\sxen.lastbuildstate".
     1>Done Building Project "C:\Users\Clara\SkyDrive\IDE\Visual Studio 2010\Projects\rx_cpp\sxen\sxen.vcxproj" (build target(s)).

Build succeeded.

Time Elapsed 00:00:01.26
